<?xml version="1.0" encoding="UTF-8"?>
<!-- Generated by org.testng.reporters.JUnitXMLReporter -->
<testsuite ignored="2" hostname="kalpesh16" failures="1" tests="1" name="Default test(failed)" time="0.041" errors="0" timestamp="30 Sep 2021 03:17:53 GMT">
  <testcase classname="Testng.listners.ListnersDemo" name="login" time="0.014">
    <failure type="java.lang.NullPointerException" message="Cannot invoke &amp;quot;org.openqa.selenium.WebDriver.findElement(org.openqa.selenium.By)&amp;quot; because &amp;quot;this.driver&amp;quot; is null">
      <![CDATA[java.lang.NullPointerException: Cannot invoke "org.openqa.selenium.WebDriver.findElement(org.openqa.selenium.By)" because "this.driver" is null
at Testng.listners.ListnersDemo.login(ListnersDemo.java:39)
... Removed 25 stack frames]]>
    </failure>
  </testcase> <!-- login -->
  <testcase classname="Testng.listners.ListnersDemo" name="firstName_lastName" time="0.0">
    <ignored/>
  </testcase> <!-- firstName_lastName -->
  <testcase classname="Testng.listners.ListnersDemo" name="launchBrowser" time="0.0">
    <ignored/>
  </testcase> <!-- launchBrowser -->
</testsuite> <!-- Default test(failed) -->
